/home/ars/ros2-bot/install/model/lib/python3.12/site-packages/model/__init__.py
/home/ars/ros2-bot/install/model/lib/python3.12/site-packages/model/maze_solver.py
/home/ars/ros2-bot/install/model/lib/python3.12/site-packages/model/__pycache__/__init__.cpython-312.pyc
/home/ars/ros2-bot/install/model/lib/python3.12/site-packages/model/__pycache__/maze_solver.cpython-312.pyc
/home/ars/ros2-bot/install/model/share/ament_index/resource_index/packages/model
/home/ars/ros2-bot/install/model/share/model/package.xml
/home/ars/ros2-bot/install/model/share/model/launch/gazebo.launch.py
/home/ars/ros2-bot/install/model/share/model/resource/model.urdf
/home/ars/ros2-bot/install/model/share/model/worlds/maze.sdf
/home/ars/ros2-bot/install/model/share/model/worlds/textures/wall.jpeg
/home/ars/ros2-bot/install/model/share/model/worlds/textures/robottexture.png
/home/ars/ros2-bot/install/model/share/model/worlds/textures/lidartexture.png
/home/ars/ros2-bot/install/model/share/model/worlds/textures/finishmodel.stl
/home/ars/ros2-bot/install/model/lib/python3.12/site-packages/model-0.0.0-py3.12.egg-info/PKG-INFO
/home/ars/ros2-bot/install/model/lib/python3.12/site-packages/model-0.0.0-py3.12.egg-info/requires.txt
/home/ars/ros2-bot/install/model/lib/python3.12/site-packages/model-0.0.0-py3.12.egg-info/entry_points.txt
/home/ars/ros2-bot/install/model/lib/python3.12/site-packages/model-0.0.0-py3.12.egg-info/zip-safe
/home/ars/ros2-bot/install/model/lib/python3.12/site-packages/model-0.0.0-py3.12.egg-info/top_level.txt
/home/ars/ros2-bot/install/model/lib/python3.12/site-packages/model-0.0.0-py3.12.egg-info/dependency_links.txt
/home/ars/ros2-bot/install/model/lib/python3.12/site-packages/model-0.0.0-py3.12.egg-info/SOURCES.txt
/home/ars/ros2-bot/install/model/lib/model/maze_solver
