[0.480s] Invoking command in '/home/ars/ros2-bot/src/model': DEBUGINFOD_URLS=https://debuginfod.ubuntu.com PYTHONPATH=/home/ars/ros2-bot/build/model/prefix_override:/usr/lib/python3/dist-packages/colcon_core/task/python/colcon_distutils_commands:/home/ars/ros2-bot/install/model/lib/python3.12/site-packages:${PYTHONPATH} /usr/bin/python3 -W ignore:setup.py install is deprecated -W ignore:easy_install command is deprecated setup.py egg_info --egg-base ../../build/model build --build-base /home/ars/ros2-bot/build/model/build install --record /home/ars/ros2-bot/build/model/install.log --single-version-externally-managed install_data
[0.611s] running egg_info
[0.619s] writing ../../build/model/model.egg-info/PKG-INFO
[0.620s] writing dependency_links to ../../build/model/model.egg-info/dependency_links.txt
[0.620s] writing entry points to ../../build/model/model.egg-info/entry_points.txt
[0.620s] writing requirements to ../../build/model/model.egg-info/requires.txt
[0.620s] writing top-level names to ../../build/model/model.egg-info/top_level.txt
[0.638s] reading manifest file '../../build/model/model.egg-info/SOURCES.txt'
[0.638s] adding license file 'LICENSE'
[0.638s] writing manifest file '../../build/model/model.egg-info/SOURCES.txt'
[0.638s] running build
[0.638s] running build_py
[0.639s] running install
[0.642s] running install_lib
[0.651s] running install_data
[0.651s] running install_egg_info
[0.661s] removing '/home/ars/ros2-bot/install/model/lib/python3.12/site-packages/model-0.0.0-py3.12.egg-info' (and everything under it)
[0.661s] Copying ../../build/model/model.egg-info to /home/ars/ros2-bot/install/model/lib/python3.12/site-packages/model-0.0.0-py3.12.egg-info
[0.661s] running install_scripts
[0.729s] Installing maze_solver script to /home/ars/ros2-bot/install/model/lib/model
[0.729s] writing list of installed files to '/home/ars/ros2-bot/build/model/install.log'
[0.745s] Invoked command in '/home/ars/ros2-bot/src/model' returned '0': DEBUGINFOD_URLS=https://debuginfod.ubuntu.com PYTHONPATH=/home/ars/ros2-bot/build/model/prefix_override:/usr/lib/python3/dist-packages/colcon_core/task/python/colcon_distutils_commands:/home/ars/ros2-bot/install/model/lib/python3.12/site-packages:${PYTHONPATH} /usr/bin/python3 -W ignore:setup.py install is deprecated -W ignore:easy_install command is deprecated setup.py egg_info --egg-base ../../build/model build --build-base /home/ars/ros2-bot/build/model/build install --record /home/ars/ros2-bot/build/model/install.log --single-version-externally-managed install_data
