[0.469s] Invoking command in '/home/ars/ros2-bot/src/model': DEBUGINFOD_URLS=https://debuginfod.ubuntu.com PYTHONPATH=/home/ars/ros2-bot/build/model/prefix_override:/usr/lib/python3/dist-packages/colcon_core/task/python/colcon_distutils_commands:/home/ars/ros2-bot/install/model/lib/python3.12/site-packages:${PYTHONPATH} /usr/bin/python3 -W ignore:setup.py install is deprecated -W ignore:easy_install command is deprecated setup.py egg_info --egg-base ../../build/model build --build-base /home/ars/ros2-bot/build/model/build install --record /home/ars/ros2-bot/build/model/install.log --single-version-externally-managed install_data
[0.600s] running egg_info
[0.610s] writing ../../build/model/model.egg-info/PKG-INFO
[0.610s] writing dependency_links to ../../build/model/model.egg-info/dependency_links.txt
[0.610s] writing entry points to ../../build/model/model.egg-info/entry_points.txt
[0.610s] writing requirements to ../../build/model/model.egg-info/requires.txt
[0.610s] writing top-level names to ../../build/model/model.egg-info/top_level.txt
[0.630s] reading manifest file '../../build/model/model.egg-info/SOURCES.txt'
[0.630s] adding license file 'LICENSE'
[0.630s] writing manifest file '../../build/model/model.egg-info/SOURCES.txt'
[0.630s] running build
[0.630s] running build_py
[0.630s] copying model/maze_solver.py -> /home/ars/ros2-bot/build/model/build/lib/model
[0.631s] running install
[0.634s] running install_lib
[0.644s] copying /home/ars/ros2-bot/build/model/build/lib/model/maze_solver.py -> /home/ars/ros2-bot/install/model/lib/python3.12/site-packages/model
[0.644s] byte-compiling /home/ars/ros2-bot/install/model/lib/python3.12/site-packages/model/maze_solver.py to maze_solver.cpython-312.pyc
[0.645s] running install_data
[0.645s] copying worlds/maze.sdf -> /home/ars/ros2-bot/install/model/share/model/worlds
[0.645s] running install_egg_info
[0.655s] removing '/home/ars/ros2-bot/install/model/lib/python3.12/site-packages/model-0.0.0-py3.12.egg-info' (and everything under it)
[0.656s] Copying ../../build/model/model.egg-info to /home/ars/ros2-bot/install/model/lib/python3.12/site-packages/model-0.0.0-py3.12.egg-info
[0.656s] running install_scripts
[0.725s] Installing maze_solver script to /home/ars/ros2-bot/install/model/lib/model
[0.725s] writing list of installed files to '/home/ars/ros2-bot/build/model/install.log'
[0.742s] Invoked command in '/home/ars/ros2-bot/src/model' returned '0': DEBUGINFOD_URLS=https://debuginfod.ubuntu.com PYTHONPATH=/home/ars/ros2-bot/build/model/prefix_override:/usr/lib/python3/dist-packages/colcon_core/task/python/colcon_distutils_commands:/home/ars/ros2-bot/install/model/lib/python3.12/site-packages:${PYTHONPATH} /usr/bin/python3 -W ignore:setup.py install is deprecated -W ignore:easy_install command is deprecated setup.py egg_info --egg-base ../../build/model build --build-base /home/ars/ros2-bot/build/model/build install --record /home/ars/ros2-bot/build/model/install.log --single-version-externally-managed install_data
