running egg_info
creating ../build/model/model.egg-info
writing ../build/model/model.egg-info/PKG-INFO
writing dependency_links to ../build/model/model.egg-info/dependency_links.txt
writing requirements to ../build/model/model.egg-info/requires.txt
writing top-level names to ../build/model/model.egg-info/top_level.txt
writing manifest file '../build/model/model.egg-info/SOURCES.txt'
reading manifest file '../build/model/model.egg-info/SOURCES.txt'
adding license file 'LICENSE'
writing manifest file '../build/model/model.egg-info/SOURCES.txt'
running build
running build_py
creating /home/ars/ros2-bot/src/build/model/build
creating /home/ars/ros2-bot/src/build/model/build/lib
creating /home/ars/ros2-bot/src/build/model/build/lib/model
copying model/__init__.py -> /home/ars/ros2-bot/src/build/model/build/lib/model
running install
running install_lib
creating /home/ars/ros2-bot/src/install/model/lib/python3.12/site-packages/model
copying /home/ars/ros2-bot/src/build/model/build/lib/model/__init__.py -> /home/ars/ros2-bot/src/install/model/lib/python3.12/site-packages/model
byte-compiling /home/ars/ros2-bot/src/install/model/lib/python3.12/site-packages/model/__init__.py to __init__.cpython-312.pyc
running install_data
creating /home/ars/ros2-bot/src/install/model/share/ament_index
creating /home/ars/ros2-bot/src/install/model/share/ament_index/resource_index
creating /home/ars/ros2-bot/src/install/model/share/ament_index/resource_index/packages
copying resource/model -> /home/ars/ros2-bot/src/install/model/share/ament_index/resource_index/packages
copying package.xml -> /home/ars/ros2-bot/src/install/model/share/model
creating /home/ars/ros2-bot/src/install/model/share/model/launch
copying launch/gazebo.launch.py -> /home/ars/ros2-bot/src/install/model/share/model/launch
creating /home/ars/ros2-bot/src/install/model/share/model/resource
copying resource/model.urdf -> /home/ars/ros2-bot/src/install/model/share/model/resource
running install_egg_info
Copying ../build/model/model.egg-info to /home/ars/ros2-bot/src/install/model/lib/python3.12/site-packages/model-0.0.0-py3.12.egg-info
running install_scripts
writing list of installed files to '/home/ars/ros2-bot/src/build/model/install.log'
