[0.472s] Invoking command in '/home/ars/ros2-bot/src/model': DEBUGINFOD_URLS=https://debuginfod.ubuntu.com PYTHONPATH=/home/ars/ros2-bot/src/build/model/prefix_override:/usr/lib/python3/dist-packages/colcon_core/task/python/colcon_distutils_commands:/home/ars/ros2-bot/src/install/model/lib/python3.12/site-packages:${PYTHONPATH} /usr/bin/python3 -W ignore:setup.py install is deprecated -W ignore:easy_install command is deprecated setup.py egg_info --egg-base ../build/model build --build-base /home/ars/ros2-bot/src/build/model/build install --record /home/ars/ros2-bot/src/build/model/install.log --single-version-externally-managed install_data
[0.601s] running egg_info
[0.610s] writing ../build/model/model.egg-info/PKG-INFO
[0.611s] writing dependency_links to ../build/model/model.egg-info/dependency_links.txt
[0.611s] writing requirements to ../build/model/model.egg-info/requires.txt
[0.611s] writing top-level names to ../build/model/model.egg-info/top_level.txt
[0.629s] reading manifest file '../build/model/model.egg-info/SOURCES.txt'
[0.630s] adding license file 'LICENSE'
[0.630s] writing manifest file '../build/model/model.egg-info/SOURCES.txt'
[0.630s] running build
[0.630s] running build_py
[0.630s] running install
[0.633s] running install_lib
[0.642s] running install_data
[0.642s] copying resource/model.urdf -> /home/ars/ros2-bot/src/install/model/share/model/resource
[0.642s] copying worlds/maze.sdf -> /home/ars/ros2-bot/src/install/model/share/model/worlds
[0.643s] running install_egg_info
[0.652s] removing '/home/ars/ros2-bot/src/install/model/lib/python3.12/site-packages/model-0.0.0-py3.12.egg-info' (and everything under it)
[0.652s] Copying ../build/model/model.egg-info to /home/ars/ros2-bot/src/install/model/lib/python3.12/site-packages/model-0.0.0-py3.12.egg-info
[0.653s] running install_scripts
[0.721s] writing list of installed files to '/home/ars/ros2-bot/src/build/model/install.log'
[0.737s] Invoked command in '/home/ars/ros2-bot/src/model' returned '0': DEBUGINFOD_URLS=https://debuginfod.ubuntu.com PYTHONPATH=/home/ars/ros2-bot/src/build/model/prefix_override:/usr/lib/python3/dist-packages/colcon_core/task/python/colcon_distutils_commands:/home/ars/ros2-bot/src/install/model/lib/python3.12/site-packages:${PYTHONPATH} /usr/bin/python3 -W ignore:setup.py install is deprecated -W ignore:easy_install command is deprecated setup.py egg_info --egg-base ../build/model build --build-base /home/ars/ros2-bot/src/build/model/build install --record /home/ars/ros2-bot/src/build/model/install.log --single-version-externally-managed install_data
