running egg_info
writing ../build/model/model.egg-info/PKG-INFO
writing dependency_links to ../build/model/model.egg-info/dependency_links.txt
writing requirements to ../build/model/model.egg-info/requires.txt
writing top-level names to ../build/model/model.egg-info/top_level.txt
reading manifest file '../build/model/model.egg-info/SOURCES.txt'
adding license file 'LICENSE'
writing manifest file '../build/model/model.egg-info/SOURCES.txt'
running build
running build_py
running install
running install_lib
running install_data
copying worlds/maze.sdf -> /home/ars/ros2-bot/src/install/model/share/model/worlds
creating /home/ars/ros2-bot/src/install/model/share/model/worlds/textures
copying worlds/textures/wall.jpeg -> /home/ars/ros2-bot/src/install/model/share/model/worlds/textures
running install_egg_info
removing '/home/ars/ros2-bot/src/install/model/lib/python3.12/site-packages/model-0.0.0-py3.12.egg-info' (and everything under it)
Copying ../build/model/model.egg-info to /home/ars/ros2-bot/src/install/model/lib/python3.12/site-packages/model-0.0.0-py3.12.egg-info
running install_scripts
writing list of installed files to '/home/ars/ros2-bot/src/build/model/install.log'
