[0.464s] Invoking command in '/home/ars/ros2-bot/src/model': DEBUGINFOD_URLS=https://debuginfod.ubuntu.com PYTHONPATH=/home/ars/ros2-bot/src/build/model/prefix_override:/usr/lib/python3/dist-packages/colcon_core/task/python/colcon_distutils_commands:/home/ars/ros2-bot/src/install/model/lib/python3.12/site-packages:${PYTHONPATH} /usr/bin/python3 -W ignore:setup.py install is deprecated -W ignore:easy_install command is deprecated setup.py egg_info --egg-base ../build/model build --build-base /home/ars/ros2-bot/src/build/model/build install --record /home/ars/ros2-bot/src/build/model/install.log --single-version-externally-managed install_data
[0.596s] running egg_info
[0.605s] writing ../build/model/model.egg-info/PKG-INFO
[0.605s] writing dependency_links to ../build/model/model.egg-info/dependency_links.txt
[0.605s] writing requirements to ../build/model/model.egg-info/requires.txt
[0.605s] writing top-level names to ../build/model/model.egg-info/top_level.txt
[0.624s] reading manifest file '../build/model/model.egg-info/SOURCES.txt'
[0.624s] adding license file 'LICENSE'
[0.624s] writing manifest file '../build/model/model.egg-info/SOURCES.txt'
[0.624s] running build
[0.625s] running build_py
[0.625s] running install
[0.628s] running install_lib
[0.637s] running install_data
[0.638s] copying worlds/maze.sdf -> /home/ars/ros2-bot/src/install/model/share/model/worlds
[0.638s] creating /home/ars/ros2-bot/src/install/model/share/model/worlds/textures
[0.638s] copying worlds/textures/wall.jpeg -> /home/ars/ros2-bot/src/install/model/share/model/worlds/textures
[0.638s] running install_egg_info
[0.648s] removing '/home/ars/ros2-bot/src/install/model/lib/python3.12/site-packages/model-0.0.0-py3.12.egg-info' (and everything under it)
[0.648s] Copying ../build/model/model.egg-info to /home/ars/ros2-bot/src/install/model/lib/python3.12/site-packages/model-0.0.0-py3.12.egg-info
[0.648s] running install_scripts
[0.718s] writing list of installed files to '/home/ars/ros2-bot/src/build/model/install.log'
[0.733s] Invoked command in '/home/ars/ros2-bot/src/model' returned '0': DEBUGINFOD_URLS=https://debuginfod.ubuntu.com PYTHONPATH=/home/ars/ros2-bot/src/build/model/prefix_override:/usr/lib/python3/dist-packages/colcon_core/task/python/colcon_distutils_commands:/home/ars/ros2-bot/src/install/model/lib/python3.12/site-packages:${PYTHONPATH} /usr/bin/python3 -W ignore:setup.py install is deprecated -W ignore:easy_install command is deprecated setup.py egg_info --egg-base ../build/model build --build-base /home/ars/ros2-bot/src/build/model/build install --record /home/ars/ros2-bot/src/build/model/install.log --single-version-externally-managed install_data
