running egg_info
writing ../../build/model/model.egg-info/PKG-INFO
writing dependency_links to ../../build/model/model.egg-info/dependency_links.txt
writing entry points to ../../build/model/model.egg-info/entry_points.txt
writing requirements to ../../build/model/model.egg-info/requires.txt
writing top-level names to ../../build/model/model.egg-info/top_level.txt
reading manifest file '../../build/model/model.egg-info/SOURCES.txt'
adding license file 'LICENSE'
writing manifest file '../../build/model/model.egg-info/SOURCES.txt'
running build
running build_py
copying model/maze_solver.py -> /home/ars/ros2-bot/build/model/build/lib/model
running install
running install_lib
copying /home/ars/ros2-bot/build/model/build/lib/model/maze_solver.py -> /home/ars/ros2-bot/install/model/lib/python3.12/site-packages/model
byte-compiling /home/ars/ros2-bot/install/model/lib/python3.12/site-packages/model/maze_solver.py to maze_solver.cpython-312.pyc
running install_data
running install_egg_info
removing '/home/ars/ros2-bot/install/model/lib/python3.12/site-packages/model-0.0.0-py3.12.egg-info' (and everything under it)
Copying ../../build/model/model.egg-info to /home/ars/ros2-bot/install/model/lib/python3.12/site-packages/model-0.0.0-py3.12.egg-info
running install_scripts
Installing maze_solver script to /home/ars/ros2-bot/install/model/lib/model
writing list of installed files to '/home/ars/ros2-bot/build/model/install.log'
